UNRELEASED
======================


4.4.7   22.08.2025
======================
  - Фикс postfix

4.4.6   21.08.2025
======================
  - Фикс выкатки

4.4.5   22.11.2023
======================
  - Фикс модели сессий

4.4.4   14.05.2023
======================
  - Фикс сервиса локации

4.4.0   14.05.2023
======================
  - Исправлено отображение даты истечение сессии
  - Исправлено получени геолокации

4.3.0   14.05.2023
======================
  - Исправлена ошибка при создании уведобления из веб интерфейса
  - Добавлена периодическая задача для отслеживания застрявших операций
  - В операции добавлено поле начала выполнения
  - Вслучае ошибки выполнения операции теперь проставляется статус error

4.2.0   14.05.2023
======================
  - Добавлено отображение уведомлений с автоотключением на общем списке

4.1.0   14.05.2023
======================
  - Добавлено отображение времени отключения на детальный просмотр
  - Добавлено управление статусом уведомления в окно редактирования

4.1.0   14.05.2023
======================
  - Добавлена отправка по часовым и минутным интервалам
  - Добавлена автоостановка после заданного времени
  - Исправлена ошибка при выборке уведомлений к отправке

4.0.1   11.05.2023
======================
  - Исправлена выборка отключенных уведомлений

4.0.0   09.05.2023
======================
  - Переезд бэкэнда на FastApi
  - Переезд бд на postgress
  - Переход периодических задач на celery


3.1.0   03.02.2023
======================
  - Добавлена возможность рассылки пуш сообщений
  - Добавлен механизм тестирования
  - Тесты для тервиса FCM

3.0.0   31.05.2022
======================
  - Сделана система Views на фронтенде
  - Переверстан шаблон основной страницы
  - Интегрированы категории
  - Свёрстан шаблон настроек
  - Переработаны модальные окна
  - Развёртывание приложения происходит с помощью ранее опубликованных образов
  - Таймзоны в уведомлениях упразднены
  - Бэк для категорий
  - Раздел управления категориями в настройках на фронте
  - Бэк переехал из дирректории req в дирректорию app
  - При удалении категоий, вложенные уведомления переносятся в раздел "Без категории" или могут быть удалены
  - Раздел управления получателями
  - Немного поправлен Datetime picker
  - На форме создания категории Enter теперь обрабатывается как "Сохранить"
  - Возможность скрывать категории
  - Управление активными сессиями из настроек
  - Возможность смены пароля из настроек
  - Возможность изменения личный данных из личного кабинета
  - Возможность удалить аккаунт


alpha_3.0.0_rc2   17.04.2022
======================
  - развёртывание на продакшен из ci

alpha_3.0.0_rc1   10.04.2022
======================
  - pre-release in to harbor

2.7.1   14.09.2021
======================
  - Поправлен docer-compose

2.7.0   19.09.2021
======================
  - Cron jobs вынесены в отдельную папку и их запуск имеет единую точку входа
  - Добавлены исключения
  - Результат работы функции теперь возвращается через return
  - Для мобильных приложений бессмертные сессии
  - Для веб интерфейса сессия длинной неделя
  - Если пришёл пользователь с сессией, которой осталось жить меньше 6 дней, то она регенерируется
  - Добавлена задача для автоочистки истёкших сессией
  - Добавлена задача для автоочистки завершённых операхий

2.6.3   14.09.2021
======================
  - Восстановлен дефолтный пароль для mysql

2.6.2   14.09.2021
======================
  - Изменёно хранение базы данных

2.6.1   14.09.2021
======================
  -Поправлена атомарная метрика отслеживания отправок уведомлений

2.6.0   12.09.2021
======================
  - Переработан бодуль логирования
  - Добавлено логирование в Grafana
  - Создание операций переведено на пакетный режим
  - Выполнение операций переведено на пакетный режим


2.5.1   07.06.2021
======================
  - Фикс выборки при пустой таблице операций

2.5.0   07.06.2021
======================
  - Cron служба разделена на 2 сервиса
  - Сервис наблюдатель заводит задачи. В случае сбоя создаст задачи начиная с последней.
  - Сервис рабочий выполняет ранее не выполненные задачи до тех пор, пока такие есть в наличии

2.4.1   19.04.2021
======================
  - Валидность сесии болье не проверяется при логине

2.4.0   16.03.2021
======================
  - Навигация закреплена сверху
  - Добавлен favicon
  - Исправлен отступ для страницы 404
  - Исправлен nginx.dev.conf
  - Добавлен контейнер для frontend production сборки
  - Исправлен контейнер для frontend develop сборки

2.3.0   07.03.2021
======================
  - Проект завёрнут в докер контейнеры
  - Добавлен контейнер для запуска Cron службы

2.2.0   08.02.2021
======================
  - Сторонние библиотеки перемещены в assets
  - Добавлен конфиг nginx для продакшена
  - Исправлены исчезающие значки

2.1.0   06.02.2021
======================
  - Если сессия истекла, backend возвращает 403
  - В случае получения не обработанного 403 на фронте, происходит разлогин
  - Для не существующих роутов добавлена страница 404

2.0.2   06.02.2021
======================
  - Контроллер рассылки уведомлений теперь работает в GMT-0 зоне

2.0.1   05.02.2021
======================
  - На backend добавлены CORS политики
  - Правка реактивности даты и времени после редактирования
  - Правка сохранения и восстановления даты и времении в пограничных зонах

2.0.0    05.02.2021
======================
  - Рефакторинг бэкэнда
  - Дата и время сохраняются в виде строки, а не timestamp
  - Переработан обработчик поиска и рассылки уведомлений
  - При добавлении получателя или нотификаций список обновляется

1.3.2    31.01.2021
======================
  - Исправлена ошибка при удалении.
  - Удаление теперь бесшовное и не вызывает перезагрузки списка

1.3.1    31.01.2021
======================
  - Исправлена ошибка вывода получателей

1.3.0    31.01.2021
======================
  - Добавлен InfinityLoader на загрузку списков
  - Добавлен спиннер на индикацию загрузки списка
  - Восстановление пароля (форма + функционал)

1.2.0    23.01.2021
======================
 - Приведён в порядок компонент мультивыбора
 - Небольшой рефакторинг Api
 - Исправлено редактирование Ежемесячных и Ежегодных уведомлений
 - Приведение к общему стилю форм входа и регистрации

1.1.0    28.12.2020
======================
  - Инициирована ветка разработки
  - Улучшения визуального вида формы входа
  - Изменён визуальмый вид компонента мультивыбора

1.0.0    18.12.2020
======================
  - Добавлен README
  - Для backend добавлен механизм получения queryParams
  - Отключенные получатели не доступены при создании уведомлений
